mode: set
github.com/mustafaakin/gongular2/context.go:30.133,40.2 1 1
github.com/mustafaakin/gongular2/context.go:43.46,45.2 1 1
github.com/mustafaakin/gongular2/context.go:48.43,50.2 1 1
github.com/mustafaakin/gongular2/context.go:53.38,55.19 1 1
github.com/mustafaakin/gongular2/context.go:55.19,57.3 1 1
github.com/mustafaakin/gongular2/context.go:57.3,59.3 1 1
github.com/mustafaakin/gongular2/context.go:63.42,65.2 1 1
github.com/mustafaakin/gongular2/context.go:68.31,70.2 1 1
github.com/mustafaakin/gongular2/context.go:73.45,75.2 1 1
github.com/mustafaakin/gongular2/context.go:78.42,80.2 1 1
github.com/mustafaakin/gongular2/context.go:83.53,87.2 3 1
github.com/mustafaakin/gongular2/context.go:90.34,91.19 1 1
github.com/mustafaakin/gongular2/context.go:95.2,95.30 1 1
github.com/mustafaakin/gongular2/context.go:99.2,99.19 1 1
github.com/mustafaakin/gongular2/context.go:125.2,126.10 2 1
github.com/mustafaakin/gongular2/context.go:91.19,93.3 1 1
github.com/mustafaakin/gongular2/context.go:95.30,97.3 1 1
github.com/mustafaakin/gongular2/context.go:99.19,100.35 1 1
github.com/mustafaakin/gongular2/context.go:109.3,110.17 2 1
github.com/mustafaakin/gongular2/context.go:115.3,119.17 4 1
github.com/mustafaakin/gongular2/context.go:122.3,122.15 1 1
github.com/mustafaakin/gongular2/context.go:100.35,103.18 3 1
github.com/mustafaakin/gongular2/context.go:106.4,106.16 1 1
github.com/mustafaakin/gongular2/context.go:103.18,105.5 1 0
github.com/mustafaakin/gongular2/context.go:110.17,113.4 2 0
github.com/mustafaakin/gongular2/context.go:119.17,121.4 1 0
github.com/mustafaakin/gongular2/context.go:129.88,130.37 1 1
github.com/mustafaakin/gongular2/context.go:134.2,134.19 1 1
github.com/mustafaakin/gongular2/context.go:130.37,133.3 2 1
github.com/mustafaakin/gongular2/context.go:137.85,138.38 1 1
github.com/mustafaakin/gongular2/context.go:142.2,142.31 1 1
github.com/mustafaakin/gongular2/context.go:138.38,140.3 1 1
github.com/mustafaakin/gongular2/engine.go:31.26,42.2 4 1
github.com/mustafaakin/gongular2/engine.go:45.38,47.2 1 1
github.com/mustafaakin/gongular2/engine.go:50.42,52.2 1 1
github.com/mustafaakin/gongular2/engine.go:55.64,57.2 1 0
github.com/mustafaakin/gongular2/engine.go:60.70,62.2 1 0
github.com/mustafaakin/gongular2/engine.go:66.44,68.2 1 1
github.com/mustafaakin/gongular2/engine.go:71.52,73.2 1 0
github.com/mustafaakin/gongular2/engine.go:76.45,78.2 1 1
github.com/mustafaakin/gongular2/engine.go:81.64,83.2 1 1
github.com/mustafaakin/gongular2/engine.go:86.77,88.2 1 1
github.com/mustafaakin/gongular2/engine.go:91.96,93.2 1 0
github.com/mustafaakin/gongular2/engine.go:96.51,97.15 1 1
github.com/mustafaakin/gongular2/engine.go:100.2,100.21 1 1
github.com/mustafaakin/gongular2/engine.go:97.15,99.3 1 0
github.com/mustafaakin/gongular2/engine.go:105.53,107.2 1 1
github.com/mustafaakin/gongular2/errors.go:11.55,14.27 2 0
github.com/mustafaakin/gongular2/errors.go:29.2,29.15 1 0
github.com/mustafaakin/gongular2/errors.go:15.22,17.64 2 0
github.com/mustafaakin/gongular2/errors.go:18.23,20.60 2 0
github.com/mustafaakin/gongular2/errors.go:21.18,23.55 2 0
github.com/mustafaakin/gongular2/errors.go:24.10,26.47 2 0
github.com/mustafaakin/gongular2/errors.go:45.40,47.2 1 0
github.com/mustafaakin/gongular2/errors.go:55.41,57.29 2 0
github.com/mustafaakin/gongular2/errors.go:60.2,60.81 1 0
github.com/mustafaakin/gongular2/errors.go:57.29,59.3 1 0
github.com/mustafaakin/gongular2/errors.go:70.36,72.2 1 0
github.com/mustafaakin/gongular2/handler.go:39.70,42.13 2 1
github.com/mustafaakin/gongular2/handler.go:50.2,51.12 2 1
github.com/mustafaakin/gongular2/handler.go:42.13,46.42 1 1
github.com/mustafaakin/gongular2/handler.go:46.42,48.4 1 0
github.com/mustafaakin/gongular2/handler.go:54.70,56.13 2 1
github.com/mustafaakin/gongular2/handler.go:63.2,64.12 2 1
github.com/mustafaakin/gongular2/handler.go:56.13,59.42 1 1
github.com/mustafaakin/gongular2/handler.go:59.42,61.4 1 0
github.com/mustafaakin/gongular2/handler.go:67.69,71.2 3 1
github.com/mustafaakin/gongular2/handler.go:73.69,78.2 3 1
github.com/mustafaakin/gongular2/handler.go:80.78,82.16 2 1
github.com/mustafaakin/gongular2/handler.go:86.2,87.16 2 1
github.com/mustafaakin/gongular2/handler.go:92.2,93.16 2 1
github.com/mustafaakin/gongular2/handler.go:97.2,98.12 2 1
github.com/mustafaakin/gongular2/handler.go:82.16,84.3 1 0
github.com/mustafaakin/gongular2/handler.go:87.16,89.3 1 0
github.com/mustafaakin/gongular2/handler.go:93.16,95.3 1 0
github.com/mustafaakin/gongular2/handler.go:101.127,110.16 7 1
github.com/mustafaakin/gongular2/handler.go:114.2,114.30 1 1
github.com/mustafaakin/gongular2/handler.go:120.2,120.46 1 1
github.com/mustafaakin/gongular2/handler.go:131.2,132.18 2 1
github.com/mustafaakin/gongular2/handler.go:110.16,112.3 1 0
github.com/mustafaakin/gongular2/handler.go:114.30,115.27 1 1
github.com/mustafaakin/gongular2/handler.go:115.27,117.4 1 0
github.com/mustafaakin/gongular2/handler.go:120.46,122.93 2 1
github.com/mustafaakin/gongular2/handler.go:122.93,123.12 1 1
github.com/mustafaakin/gongular2/handler.go:124.4,127.9 2 1
github.com/mustafaakin/gongular2/handler.go:135.116,146.16 5 1
github.com/mustafaakin/gongular2/handler.go:150.2,151.16 2 1
github.com/mustafaakin/gongular2/handler.go:146.16,148.3 1 0
github.com/mustafaakin/gongular2/handler.go:154.100,155.14 1 1
github.com/mustafaakin/gongular2/handler.go:162.2,162.14 1 1
github.com/mustafaakin/gongular2/handler.go:169.2,169.13 1 1
github.com/mustafaakin/gongular2/handler.go:176.2,176.13 1 1
github.com/mustafaakin/gongular2/handler.go:183.2,183.18 1 1
github.com/mustafaakin/gongular2/handler.go:187.2,187.12 1 1
github.com/mustafaakin/gongular2/handler.go:155.14,157.17 2 1
github.com/mustafaakin/gongular2/handler.go:157.17,159.4 1 0
github.com/mustafaakin/gongular2/handler.go:162.14,164.17 2 1
github.com/mustafaakin/gongular2/handler.go:164.17,166.4 1 0
github.com/mustafaakin/gongular2/handler.go:169.13,171.17 2 1
github.com/mustafaakin/gongular2/handler.go:171.17,173.4 1 0
github.com/mustafaakin/gongular2/handler.go:176.13,178.17 2 1
github.com/mustafaakin/gongular2/handler.go:178.17,180.4 1 0
github.com/mustafaakin/gongular2/handler.go:183.18,186.3 2 1
github.com/mustafaakin/gongular2/handler.go:190.88,192.9 2 1
github.com/mustafaakin/gongular2/handler.go:197.2,198.16 2 1
github.com/mustafaakin/gongular2/handler.go:202.2,205.16 3 1
github.com/mustafaakin/gongular2/handler.go:209.2,210.12 2 1
github.com/mustafaakin/gongular2/handler.go:192.9,195.3 1 0
github.com/mustafaakin/gongular2/handler.go:198.16,200.3 1 0
github.com/mustafaakin/gongular2/handler.go:205.16,207.3 1 0
github.com/mustafaakin/gongular2/handler.go:213.86,216.9 2 1
github.com/mustafaakin/gongular2/handler.go:220.2,220.29 1 1
github.com/mustafaakin/gongular2/handler.go:216.9,219.3 1 0
github.com/mustafaakin/gongular2/handler.go:223.92,225.31 1 1
github.com/mustafaakin/gongular2/handler.go:240.2,240.11 1 1
github.com/mustafaakin/gongular2/handler.go:225.31,230.17 4 1
github.com/mustafaakin/gongular2/handler.go:234.3,234.19 1 1
github.com/mustafaakin/gongular2/handler.go:237.3,237.42 1 1
github.com/mustafaakin/gongular2/handler.go:230.17,232.4 1 0
github.com/mustafaakin/gongular2/handler.go:234.19,236.4 1 1
github.com/mustafaakin/gongular2/injector.go:15.30,20.2 1 1
github.com/mustafaakin/gongular2/injector.go:23.61,25.28 2 1
github.com/mustafaakin/gongular2/injector.go:28.2,28.30 1 1
github.com/mustafaakin/gongular2/injector.go:25.28,27.3 1 1
github.com/mustafaakin/gongular2/injector.go:33.93,35.37 2 1
github.com/mustafaakin/gongular2/injector.go:39.2,39.36 1 1
github.com/mustafaakin/gongular2/injector.go:35.37,37.3 1 1
github.com/mustafaakin/gongular2/injector.go:43.87,47.2 2 1
github.com/mustafaakin/gongular2/injector.go:50.97,53.2 2 1
github.com/mustafaakin/gongular2/stat.go:37.63,41.36 2 0
github.com/mustafaakin/gongular2/stat.go:46.2,46.16 1 0
github.com/mustafaakin/gongular2/stat.go:41.36,43.3 1 0
github.com/mustafaakin/gongular2/stat.go:51.46,51.48 0 1
github.com/mustafaakin/gongular2/ws.go:29.39,33.2 1 1
github.com/mustafaakin/gongular2/ws.go:36.66,38.16 2 1
github.com/mustafaakin/gongular2/ws.go:42.2,42.78 1 1
github.com/mustafaakin/gongular2/ws.go:58.2,58.37 1 1
github.com/mustafaakin/gongular2/ws.go:38.16,40.3 1 0
github.com/mustafaakin/gongular2/ws.go:42.78,53.17 6 1
github.com/mustafaakin/gongular2/ws.go:53.17,55.4 1 0
github.com/mustafaakin/gongular2/numbervalid.go:9.81,12.2 2 1
github.com/mustafaakin/gongular2/numbervalid.go:14.85,17.2 2 1
github.com/mustafaakin/gongular2/numbervalid.go:19.89,22.2 2 1
github.com/mustafaakin/gongular2/numbervalid.go:24.71,25.14 1 1
github.com/mustafaakin/gongular2/numbervalid.go:36.2,36.44 1 0
github.com/mustafaakin/gongular2/numbervalid.go:26.20,27.71 1 1
github.com/mustafaakin/gongular2/numbervalid.go:28.21,29.73 1 1
github.com/mustafaakin/gongular2/numbervalid.go:30.34,31.73 1 1
github.com/mustafaakin/gongular2/numbervalid.go:32.21,33.73 1 1
github.com/mustafaakin/gongular2/numbervalid.go:39.75,40.14 1 1
github.com/mustafaakin/gongular2/numbervalid.go:51.2,51.33 1 0
github.com/mustafaakin/gongular2/numbervalid.go:41.21,42.62 1 1
github.com/mustafaakin/gongular2/numbervalid.go:43.22,44.63 1 1
github.com/mustafaakin/gongular2/numbervalid.go:45.36,46.63 1 1
github.com/mustafaakin/gongular2/numbervalid.go:47.22,48.63 1 1
github.com/mustafaakin/gongular2/numbervalid.go:54.79,55.14 1 1
github.com/mustafaakin/gongular2/numbervalid.go:63.2,63.34 1 0
github.com/mustafaakin/gongular2/numbervalid.go:56.23,58.82 1 1
github.com/mustafaakin/gongular2/numbervalid.go:59.23,60.82 1 1
github.com/mustafaakin/gongular2/parser.go:45.111,47.16 2 1
github.com/mustafaakin/gongular2/parser.go:55.2,56.9 2 1
github.com/mustafaakin/gongular2/parser.go:64.2,65.12 2 1
github.com/mustafaakin/gongular2/parser.go:47.16,53.3 1 0
github.com/mustafaakin/gongular2/parser.go:56.9,62.3 1 0
github.com/mustafaakin/gongular2/parser.go:68.112,70.16 2 1
github.com/mustafaakin/gongular2/parser.go:78.2,79.9 2 1
github.com/mustafaakin/gongular2/parser.go:87.2,88.12 2 1
github.com/mustafaakin/gongular2/parser.go:70.16,76.3 1 0
github.com/mustafaakin/gongular2/parser.go:79.9,85.3 1 0
github.com/mustafaakin/gongular2/parser.go:91.113,93.16 2 1
github.com/mustafaakin/gongular2/parser.go:101.2,102.9 2 1
github.com/mustafaakin/gongular2/parser.go:110.2,111.12 2 1
github.com/mustafaakin/gongular2/parser.go:93.16,99.3 1 0
github.com/mustafaakin/gongular2/parser.go:102.9,108.3 1 0
github.com/mustafaakin/gongular2/parser.go:114.93,115.28 1 1
github.com/mustafaakin/gongular2/parser.go:127.2,127.12 1 1
github.com/mustafaakin/gongular2/parser.go:116.26,117.20 1 1
github.com/mustafaakin/gongular2/parser.go:118.26,119.21 1 1
github.com/mustafaakin/gongular2/parser.go:120.10,125.4 1 0
github.com/mustafaakin/gongular2/parser.go:130.100,133.14 3 1
github.com/mustafaakin/gongular2/parser.go:145.2,145.12 1 1
github.com/mustafaakin/gongular2/parser.go:134.22,135.19 1 1
github.com/mustafaakin/gongular2/parser.go:136.78,137.45 1 1
github.com/mustafaakin/gongular2/parser.go:138.83,139.46 1 1
github.com/mustafaakin/gongular2/parser.go:140.40,141.47 1 1
github.com/mustafaakin/gongular2/parser.go:142.20,143.40 1 1
github.com/mustafaakin/gongular2/parser.go:148.60,150.14 2 1
github.com/mustafaakin/gongular2/parser.go:157.2,157.12 1 1
github.com/mustafaakin/gongular2/parser.go:150.14,156.3 2 0
github.com/mustafaakin/gongular2/parser.go:160.56,165.33 4 1
github.com/mustafaakin/gongular2/parser.go:176.2,176.46 1 1
github.com/mustafaakin/gongular2/parser.go:165.33,171.17 5 1
github.com/mustafaakin/gongular2/parser.go:171.17,173.4 1 0
github.com/mustafaakin/gongular2/parser.go:179.64,185.16 4 1
github.com/mustafaakin/gongular2/parser.go:192.2,192.40 1 1
github.com/mustafaakin/gongular2/parser.go:185.16,190.3 1 0
github.com/mustafaakin/gongular2/parser.go:195.55,201.33 5 1
github.com/mustafaakin/gongular2/parser.go:217.2,217.42 1 1
github.com/mustafaakin/gongular2/parser.go:201.33,205.14 3 1
github.com/mustafaakin/gongular2/parser.go:210.3,213.17 3 1
github.com/mustafaakin/gongular2/parser.go:205.14,207.12 1 0
github.com/mustafaakin/gongular2/parser.go:213.17,215.4 1 0
github.com/mustafaakin/gongular2/parser.go:220.54,226.33 4 1
github.com/mustafaakin/gongular2/parser.go:260.2,260.40 1 1
github.com/mustafaakin/gongular2/parser.go:226.33,229.52 2 1
github.com/mustafaakin/gongular2/parser.go:229.52,233.34 2 1
github.com/mustafaakin/gongular2/parser.go:245.4,250.52 2 1
github.com/mustafaakin/gongular2/parser.go:233.34,239.5 1 0
github.com/mustafaakin/gongular2/parser.go:239.5,239.25 1 1
github.com/mustafaakin/gongular2/parser.go:239.25,242.5 1 0
github.com/mustafaakin/gongular2/parser.go:251.4,255.18 4 1
github.com/mustafaakin/gongular2/parser.go:255.18,257.5 1 0
github.com/mustafaakin/gongular2/parser.go:263.80,266.33 2 1
github.com/mustafaakin/gongular2/parser.go:295.2,295.12 1 1
github.com/mustafaakin/gongular2/parser.go:266.33,272.93 4 1
github.com/mustafaakin/gongular2/parser.go:276.3,276.29 1 1
github.com/mustafaakin/gongular2/parser.go:281.3,283.10 3 1
github.com/mustafaakin/gongular2/parser.go:288.3,291.17 3 1
github.com/mustafaakin/gongular2/parser.go:272.93,273.12 1 1
github.com/mustafaakin/gongular2/parser.go:276.29,278.12 1 0
github.com/mustafaakin/gongular2/parser.go:283.10,285.4 1 1
github.com/mustafaakin/gongular2/parser.go:285.4,287.4 1 1
github.com/mustafaakin/gongular2/parser.go:291.17,293.4 1 0
github.com/mustafaakin/gongular2/parser.go:298.120,303.14 4 1
github.com/mustafaakin/gongular2/parser.go:324.2,328.3 1 0
github.com/mustafaakin/gongular2/parser.go:303.14,306.3 2 1
github.com/mustafaakin/gongular2/parser.go:306.3,306.21 1 1
github.com/mustafaakin/gongular2/parser.go:306.21,309.3 2 1
github.com/mustafaakin/gongular2/parser.go:309.3,309.21 1 1
github.com/mustafaakin/gongular2/parser.go:309.21,311.17 2 1
github.com/mustafaakin/gongular2/parser.go:318.3,320.13 3 1
github.com/mustafaakin/gongular2/parser.go:311.17,317.4 1 0
github.com/mustafaakin/gongular2/router.go:24.35,31.2 2 1
github.com/mustafaakin/gongular2/router.go:34.63,36.2 1 1
github.com/mustafaakin/gongular2/router.go:39.64,41.2 1 1
github.com/mustafaakin/gongular2/router.go:44.63,46.2 1 1
github.com/mustafaakin/gongular2/router.go:49.64,51.2 1 1
github.com/mustafaakin/gongular2/router.go:55.74,69.2 5 1
github.com/mustafaakin/gongular2/router.go:72.94,78.2 4 1
github.com/mustafaakin/gongular2/router.go:80.89,85.16 3 1
github.com/mustafaakin/gongular2/router.go:86.22,87.47 1 1
github.com/mustafaakin/gongular2/router.go:88.23,89.48 1 1
github.com/mustafaakin/gongular2/router.go:90.22,91.47 1 1
github.com/mustafaakin/gongular2/router.go:92.23,93.48 1 1
github.com/mustafaakin/gongular2/router.go:97.116,100.35 2 1
github.com/mustafaakin/gongular2/router.go:108.2,108.78 1 1
github.com/mustafaakin/gongular2/router.go:173.2,173.11 1 1
github.com/mustafaakin/gongular2/router.go:100.35,102.17 2 1
github.com/mustafaakin/gongular2/router.go:105.3,105.25 1 1
github.com/mustafaakin/gongular2/router.go:102.17,104.4 1 0
github.com/mustafaakin/gongular2/router.go:108.78,124.44 6 1
github.com/mustafaakin/gongular2/router.go:163.3,168.31 5 1
github.com/mustafaakin/gongular2/router.go:124.44,137.18 6 1
github.com/mustafaakin/gongular2/router.go:150.4,150.21 1 1
github.com/mustafaakin/gongular2/router.go:159.4,159.32 1 1
github.com/mustafaakin/gongular2/router.go:137.18,146.10 6 1
github.com/mustafaakin/gongular2/router.go:150.21,156.10 4 1
github.com/mustafaakin/gongular2/router.go:168.31,170.4 1 1
